make[1]: Entering directory '/mnt/c/Users/skywa/OneDrive/Documents/accelerator_design/macc8/verif/cocotb'
rm -f results.xml
"make" -f Makefile results.xml
make[2]: Entering directory '/mnt/c/Users/skywa/OneDrive/Documents/accelerator_design/macc8/verif/cocotb'
/home/cchoilee/tools/oss-cad-suite/bin/verilator -cc --exe -Mdir sim_build -DCOCOTB_SIM=1 --top-module macc8_top --timescale 1ns/1ps --vpi --public-flat-rw --prefix Vtop -o Vtop -LDFLAGS "-Wl,-rpath,/home/cchoilee/tools/macc8-venv/lib/python3.10/site-packages/cocotb/libs -L/home/cchoilee/tools/macc8-venv/lib/python3.10/site-packages/cocotb/libs -lcocotbvpi_verilator" -Wno-DECLFILENAME -Wno-UNUSEDSIGNAL ../../rtl/macc8_pkg.sv ../../rtl/macc8_reset_sync.sv ../../rtl/macc8_mac_lane.sv ../../rtl/macc8_adder_tree.sv ../../rtl/macc8_accumulator.sv ../../rtl/macc8_datapath.sv ../../rtl/macc8_serial_rx.sv ../../rtl/macc8_fsm.sv ../../rtl/macc8_regfile.sv ../../rtl/macc8_top.sv /home/cchoilee/tools/macc8-venv/lib/python3.10/site-packages/cocotb/share/lib/verilator/verilator.cpp
- V e r i l a t i o n   R e p o r t: Verilator 5.051 devel rev v5.050-55-g52287c025 (mod)
- Verilator: Built from 0.228 MB sources in 11 modules, into 0.231 MB in 8 C++ files needing 0.000 MB
- Verilator: Walltime 0.289 s (elab=0.002, cvt=0.054, bld=0.000); cpu 0.047 s on 1 threads; allocated 23.637 MB
make -C sim_build  -f Vtop.mk
make[3]: Entering directory '/mnt/c/Users/skywa/OneDrive/Documents/accelerator_design/macc8/verif/cocotb/sim_build'
g++  -I.  -MMD -I/home/cchoilee/tools/oss-cad-suite/share/verilator/include -I/home/cchoilee/tools/oss-cad-suite/share/verilator/include/vltstd -DVERILATOR=1 -DVM_COVERAGE=0 -DVM_SC=0 -DVM_TIMING=0 -DVM_TRACE=0 -DVM_TRACE_FST=0 -DVM_TRACE_VCD=0 -DVM_TRACE_SAIF=0 -DVM_VPI=1 -faligned-new -fcf-protection=none -Wno-bool-operation -Wno-int-in-bool-context -Wno-shadow -Wno-sign-compare -Wno-subobject-linkage -Wno-tautological-compare -Wno-uninitialized -Wno-unused-but-set-parameter -Wno-unused-but-set-variable -Wno-unused-parameter -Wno-unused-variable      -Os  -c -o verilator.o /home/cchoilee/tools/macc8-venv/lib/python3.10/site-packages/cocotb/share/lib/verilator/verilator.cpp
g++ -Os  -I.  -MMD -I/home/cchoilee/tools/oss-cad-suite/share/verilator/include -I/home/cchoilee/tools/oss-cad-suite/share/verilator/include/vltstd -DVERILATOR=1 -DVM_COVERAGE=0 -DVM_SC=0 -DVM_TIMING=0 -DVM_TRACE=0 -DVM_TRACE_FST=0 -DVM_TRACE_VCD=0 -DVM_TRACE_SAIF=0 -DVM_VPI=1 -faligned-new -fcf-protection=none -Wno-bool-operation -Wno-int-in-bool-context -Wno-shadow -Wno-sign-compare -Wno-subobject-linkage -Wno-tautological-compare -Wno-uninitialized -Wno-unused-but-set-parameter -Wno-unused-but-set-variable -Wno-unused-parameter -Wno-unused-variable      -c -o verilated.o /home/cchoilee/tools/oss-cad-suite/share/verilator/include/verilated.cpp
g++ -Os  -I.  -MMD -I/home/cchoilee/tools/oss-cad-suite/share/verilator/include -I/home/cchoilee/tools/oss-cad-suite/share/verilator/include/vltstd -DVERILATOR=1 -DVM_COVERAGE=0 -DVM_SC=0 -DVM_TIMING=0 -DVM_TRACE=0 -DVM_TRACE_FST=0 -DVM_TRACE_VCD=0 -DVM_TRACE_SAIF=0 -DVM_VPI=1 -faligned-new -fcf-protection=none -Wno-bool-operation -Wno-int-in-bool-context -Wno-shadow -Wno-sign-compare -Wno-subobject-linkage -Wno-tautological-compare -Wno-uninitialized -Wno-unused-but-set-parameter -Wno-unused-but-set-variable -Wno-unused-parameter -Wno-unused-variable      -c -o verilated_dpi.o /home/cchoilee/tools/oss-cad-suite/share/verilator/include/verilated_dpi.cpp
g++ -Os  -I.  -MMD -I/home/cchoilee/tools/oss-cad-suite/share/verilator/include -I/home/cchoilee/tools/oss-cad-suite/share/verilator/include/vltstd -DVERILATOR=1 -DVM_COVERAGE=0 -DVM_SC=0 -DVM_TIMING=0 -DVM_TRACE=0 -DVM_TRACE_FST=0 -DVM_TRACE_VCD=0 -DVM_TRACE_SAIF=0 -DVM_VPI=1 -faligned-new -fcf-protection=none -Wno-bool-operation -Wno-int-in-bool-context -Wno-shadow -Wno-sign-compare -Wno-subobject-linkage -Wno-tautological-compare -Wno-uninitialized -Wno-unused-but-set-parameter -Wno-unused-but-set-variable -Wno-unused-parameter -Wno-unused-variable      -c -o verilated_vpi.o /home/cchoilee/tools/oss-cad-suite/share/verilator/include/verilated_vpi.cpp
g++ -Os  -I.  -MMD -I/home/cchoilee/tools/oss-cad-suite/share/verilator/include -I/home/cchoilee/tools/oss-cad-suite/share/verilator/include/vltstd -DVERILATOR=1 -DVM_COVERAGE=0 -DVM_SC=0 -DVM_TIMING=0 -DVM_TRACE=0 -DVM_TRACE_FST=0 -DVM_TRACE_VCD=0 -DVM_TRACE_SAIF=0 -DVM_VPI=1 -faligned-new -fcf-protection=none -Wno-bool-operation -Wno-int-in-bool-context -Wno-shadow -Wno-sign-compare -Wno-subobject-linkage -Wno-tautological-compare -Wno-uninitialized -Wno-unused-but-set-parameter -Wno-unused-but-set-variable -Wno-unused-parameter -Wno-unused-variable      -c -o verilated_threads.o /home/cchoilee/tools/oss-cad-suite/share/verilator/include/verilated_threads.cpp
python3 /home/cchoilee/tools/oss-cad-suite/share/verilator/bin/verilator_includer -DVL_INCLUDE_OPT=include Vtop.cpp Vtop___024root__0.cpp Vtop__Dpi.cpp Vtop__ConstPool__0__Slow.cpp Vtop___024root__Slow.cpp Vtop___024root__0__Slow.cpp Vtop_macc8_pkg__Slow.cpp Vtop__Syms__Slow.cpp > Vtop__ALL.cpp
g++ -Os  -I.  -MMD -I/home/cchoilee/tools/oss-cad-suite/share/verilator/include -I/home/cchoilee/tools/oss-cad-suite/share/verilator/include/vltstd -DVERILATOR=1 -DVM_COVERAGE=0 -DVM_SC=0 -DVM_TIMING=0 -DVM_TRACE=0 -DVM_TRACE_FST=0 -DVM_TRACE_VCD=0 -DVM_TRACE_SAIF=0 -DVM_VPI=1 -faligned-new -fcf-protection=none -Wno-bool-operation -Wno-int-in-bool-context -Wno-shadow -Wno-sign-compare -Wno-subobject-linkage -Wno-tautological-compare -Wno-uninitialized -Wno-unused-but-set-parameter -Wno-unused-but-set-variable -Wno-unused-parameter -Wno-unused-variable      -c -o Vtop__ALL.o Vtop__ALL.cpp
g++    -rdynamic verilator.o verilated.o verilated_dpi.o verilated_vpi.o verilated_threads.o Vtop__ALL.a   -Wl,-rpath,/home/cchoilee/tools/macc8-venv/lib/python3.10/site-packages/cocotb/libs -L/home/cchoilee/tools/macc8-venv/lib/python3.10/site-packages/cocotb/libs -lcocotbvpi_verilator  -pthread -lpthread -latomic -ldl   -o Vtop
rm Vtop__ALL.verilator_deplist.tmp
make[3]: Leaving directory '/mnt/c/Users/skywa/OneDrive/Documents/accelerator_design/macc8/verif/cocotb/sim_build'
rm -f results.xml
MODULE=test_macc8 TESTCASE= TOPLEVEL=macc8_top TOPLEVEL_LANG=verilog \
         sim_build/Vtop  -Wno-DECLFILENAME -Wno-UNUSEDSIGNAL  
     -.--ns INFO     gpi                                ..mbed/gpi_embed.cpp:108  in set_program_name_in_venv        Using Python virtual environment interpreter at /home/cchoilee/tools/macc8-venv/bin/python
     -.--ns INFO     gpi                                ../gpi/GpiCommon.cpp:101  in gpi_print_registered_impl       VPI registered
     0.00ns INFO     cocotb                             Running on Verilator version 5.051 devel
     0.00ns INFO     cocotb                             Running tests with cocotb v1.9.2 from /home/cchoilee/tools/macc8-venv/lib/python3.10/site-packages/cocotb
     0.00ns INFO     cocotb                             Seeding Python random module with 1783812645
     0.00ns INFO     cocotb.regression                  Found test test_macc8.test_reset_behavior
     0.00ns INFO     cocotb.regression                  Found test test_macc8.test_simple_known_dot
     0.00ns INFO     cocotb.regression                  Found test test_macc8.test_all_zero
     0.00ns INFO     cocotb.regression                  Found test test_macc8.test_all_positive
     0.00ns INFO     cocotb.regression                  Found test test_macc8.test_mixed_signed
     0.00ns INFO     cocotb.regression                  Found test test_macc8.test_max_positive_int8
     0.00ns INFO     cocotb.regression                  Found test test_macc8.test_max_negative_int8
     0.00ns INFO     cocotb.regression                  Found test test_macc8.test_overflow_boundary_wrap
     0.00ns INFO     cocotb.regression                  Found test test_macc8.test_overflow_boundary_saturate
     0.00ns INFO     cocotb.regression                  Found test test_macc8.test_repeated_operations
     0.00ns INFO     cocotb.regression                  Found test test_macc8.test_back_to_back_auto
     0.00ns INFO     cocotb.regression                  Found test test_macc8.test_invalid_command_handling
     0.00ns INFO     cocotb.regression                  Found test test_macc8.test_random_1000
     0.00ns INFO     cocotb.regression                  Found test test_macc8.test_start_before_load
     0.00ns INFO     cocotb.regression                  Found test test_macc8.test_read_before_done
     0.00ns INFO     cocotb.regression                  Found test test_macc8.test_reset_during_operation
     0.00ns INFO     cocotb.regression                  Found test test_macc8.test_model_boundary_selfcheck
     0.00ns INFO     cocotb.regression                  running test_reset_behavior (1/17)
   155.00ns INFO     cocotb.regression                  test_reset_behavior passed
   155.00ns INFO     cocotb.regression                  running test_simple_known_dot (2/17)
   450.00ns INFO     cocotb.regression                  test_simple_known_dot passed
   450.00ns INFO     cocotb.regression                  running test_all_zero (3/17)
   745.00ns INFO     cocotb.regression                  test_all_zero passed
   745.00ns INFO     cocotb.regression                  running test_all_positive (4/17)
  1040.00ns INFO     cocotb.regression                  test_all_positive passed
  1040.00ns INFO     cocotb.regression                  running test_mixed_signed (5/17)
  1335.01ns INFO     cocotb.regression                  test_mixed_signed passed
  1335.01ns INFO     cocotb.regression                  running test_max_positive_int8 (6/17)
  1630.01ns INFO     cocotb.regression                  test_max_positive_int8 passed
  1630.01ns INFO     cocotb.regression                  running test_max_negative_int8 (7/17)
  2155.01ns INFO     cocotb.regression                  test_max_negative_int8 passed
  2155.01ns INFO     cocotb.regression                  running test_overflow_boundary_wrap (8/17)
  5590.01ns INFO     cocotb.regression                  test_overflow_boundary_wrap passed
  5590.01ns INFO     cocotb.regression                  running test_overflow_boundary_saturate (9/17)
  9000.01ns INFO     cocotb.regression                  test_overflow_boundary_saturate passed
  9000.01ns INFO     cocotb.regression                  running test_repeated_operations (10/17)
 16675.01ns INFO     cocotb.regression                  test_repeated_operations passed
 16675.01ns INFO     cocotb.regression                  running test_back_to_back_auto (11/17)
 19640.01ns INFO     cocotb.regression                  test_back_to_back_auto passed
 19640.01ns INFO     cocotb.regression                  running test_invalid_command_handling (12/17)
 20275.01ns INFO     cocotb.regression                  test_invalid_command_handling passed
 20275.01ns INFO     cocotb.regression                  running test_random_1000 (13/17)
157340.01ns INFO     cocotb.macc8_top                   random test completed 1000 checked passes
157340.01ns INFO     cocotb.regression                  test_random_1000 passed
157340.01ns INFO     cocotb.regression                  running test_start_before_load (14/17)
157775.01ns INFO     cocotb.regression                  test_start_before_load passed
157775.01ns INFO     cocotb.regression                  running test_read_before_done (15/17)
158230.02ns INFO     cocotb.regression                  test_read_before_done passed
158230.02ns INFO     cocotb.regression                  running test_reset_during_operation (16/17)
158985.02ns INFO     cocotb.regression                  test_reset_during_operation passed
158985.02ns INFO     cocotb.regression                  running test_model_boundary_selfcheck (17/17)
159055.02ns INFO     cocotb.regression                  test_model_boundary_selfcheck passed
159055.02ns INFO     cocotb.regression                  ****************************************************************************************************
                                                        ** TEST                                        STATUS  SIM TIME (ns)  REAL TIME (s)  RATIO (ns/s) **
                                                        ****************************************************************************************************
                                                        ** test_macc8.test_reset_behavior               PASS         155.00           0.00      53804.63  **
                                                        ** test_macc8.test_simple_known_dot             PASS         295.00           0.00      71319.61  **
                                                        ** test_macc8.test_all_zero                     PASS         295.00           0.00      82958.36  **
                                                        ** test_macc8.test_all_positive                 PASS         295.00           0.00      68778.43  **
                                                        ** test_macc8.test_mixed_signed                 PASS         295.00           0.00      73292.49  **
                                                        ** test_macc8.test_max_positive_int8            PASS         295.00           0.00      71053.40  **
                                                        ** test_macc8.test_max_negative_int8            PASS         525.00           0.01      74895.88  **
                                                        ** test_macc8.test_overflow_boundary_wrap       PASS        3435.00           0.05      75587.54  **
                                                        ** test_macc8.test_overflow_boundary_saturate   PASS        3410.00           0.05      75593.04  **
                                                        ** test_macc8.test_repeated_operations          PASS        7675.00           0.10      74506.52  **
                                                        ** test_macc8.test_back_to_back_auto            PASS        2965.00           0.04      77508.21  **
                                                        ** test_macc8.test_invalid_command_handling     PASS         635.00           0.01      88074.97  **
                                                        ** test_macc8.test_random_1000                  PASS      137065.00           1.71      80163.22  **
                                                        ** test_macc8.test_start_before_load            PASS         435.00           0.01      80806.34  **
                                                        ** test_macc8.test_read_before_done             PASS         455.00           0.01      89244.88  **
                                                        ** test_macc8.test_reset_during_operation       PASS         755.00           0.01      84133.58  **
                                                        ** test_macc8.test_model_boundary_selfcheck     PASS          70.00           0.00      79374.28  **
                                                        ****************************************************************************************************
                                                        ** TESTS=17 PASS=17 FAIL=0 SKIP=0                         159055.02           2.23      71261.98  **
                                                        ****************************************************************************************************
                                                        
- :0: Verilog $finish
make[2]: Leaving directory '/mnt/c/Users/skywa/OneDrive/Documents/accelerator_design/macc8/verif/cocotb'
make[1]: Leaving directory '/mnt/c/Users/skywa/OneDrive/Documents/accelerator_design/macc8/verif/cocotb'
