
 /----------------------------------------------------------------------------\
 |  yosys -- Yosys Open SYnthesis Suite                                       |
 |  Copyright (C) 2012 - 2026  Claire Xenia Wolf <claire@yosyshq.com>         |
 |  Distributed under an ISC-like license, type "license" to see terms        |
 \----------------------------------------------------------------------------/
 Yosys 0.67+24 (git sha1 0e82bbefe, Release, Clang /usr/bin/clang++ 18.1.8)

-- Executing script file `design_prep.ys' --

1. Executing RTLIL frontend.
Input filename: design.il

2. Executing SCC pass (detecting logic loops).
Found 0 SCCs in module macc8_props_rx.
Found 0 SCCs in module macc8_serial_rx.
Found 0 SCCs.

3. Executing SIMPLEMAP pass (map simple cells to gate primitives).

4. Executing MEMORY_NORDFF pass (extracting $dff cells from memories).

5. Executing ASYNC2SYNC pass.
Replacing macc8_serial_rx.$procdff$101 ($adff): ARST=\rst_n, D=$0$lookahead\act_regs_q$29[63:0]$32, Q=\act_regs_q
Replacing macc8_serial_rx.$procdff$96 ($adff): ARST=\rst_n, D=$0\cnt_q[3:0], Q=\cnt_q

6. Executing OPT_CLEAN pass (remove unused cells and wires).
Finding unused cells or wires in module \macc8_props_rx..
Finding unused cells or wires in module \macc8_serial_rx..
Removed 20 unused cells and 20 unused wires.
<suppressed ~21 debug messages>

7. Executing FORMALFF pass.

8. Executing OPT_CLEAN pass (remove unused cells and wires).
Finding unused cells or wires in module \macc8_props_rx..
Finding unused cells or wires in module \macc8_serial_rx..
Removed 2 unused cells and 2 unused wires.
<suppressed ~4 debug messages>

9. Executing CHECK pass (checking for obvious problems).
Checking module macc8_props_rx...
Checking module macc8_serial_rx...
Found and reported 0 problems.

10. Executing SETUNDEF pass (replace undef values with defined constants).

11. Executing OPT pass (performing simple optimizations).

11.1. Executing OPT_EXPR pass (perform const folding).
Optimizing module macc8_props_rx.
Optimizing module macc8_serial_rx.
<suppressed ~3 debug messages>

11.2. Executing OPT_MERGE pass (detect identical cells).
Finding identical cells in module `\macc8_props_rx'.
Computing hashes of 36 cells of `\macc8_props_rx'.
Finding duplicate cells in `\macc8_props_rx'.
Computing hashes of 34 cells of `\macc8_props_rx'.
Finding duplicate cells in `\macc8_props_rx'.
<suppressed ~6 debug messages>
Finding identical cells in module `\macc8_serial_rx'.
Computing hashes of 22 cells of `\macc8_serial_rx'.
Finding duplicate cells in `\macc8_serial_rx'.
Removed a total of 2 cells.

11.3. Executing OPT_DFF pass (perform DFF optimizations).

11.4. Executing OPT_CLEAN pass (remove unused cells and wires).
Finding unused cells or wires in module \macc8_props_rx..
Finding unused cells or wires in module \macc8_serial_rx..
Removed 0 unused cells and 4 unused wires.
<suppressed ~3 debug messages>

11.5. Finished fast OPT passes.

12. Executing OPT_CLEAN pass (remove unused cells and wires).
Finding unused cells or wires in module \macc8_props_rx..
Finding unused cells or wires in module \macc8_serial_rx..
Removed 0 unused cells and 4 unused wires.
<suppressed ~2 debug messages>

13. Executing RTLIL backend.
Output filename: ../model/design_prep.il

End of script. Logfile hash: 90bf92021e, time: 0.04s, user: 0.00s, system: 0.02s, MEM: 18.71 MB peak
Yosys 0.67+24 (git sha1 0e82bbefe, Release, Clang /usr/bin/clang++ 18.1.8)
Time spent: 35% 4x opt_clean (0 sec), 9% 1x check (0 sec), ...
