
 /----------------------------------------------------------------------------\
 |  yosys -- Yosys Open SYnthesis Suite                                       |
 |  Copyright (C) 2012 - 2026  Claire Xenia Wolf <claire@yosyshq.com>         |
 |  Distributed under an ISC-like license, type "license" to see terms        |
 \----------------------------------------------------------------------------/
 Yosys 0.67+24 (git sha1 0e82bbefe, Release, Clang /usr/bin/clang++ 18.1.8)

-- Executing script file `design_smt2.ys' --

1. Executing RTLIL frontend.
Input filename: design_prep.il

2. Executing HIERARCHY pass (managing design hierarchy).
Attribute `top' found on module `macc8_props_rx'. Setting top module to macc8_props_rx.

2.1. Analyzing design hierarchy..
Top module:  \macc8_props_rx
Used module:     \macc8_serial_rx

2.2. Analyzing design hierarchy..
Top module:  \macc8_props_rx
Used module:     \macc8_serial_rx
Removed 0 unused modules.
Module macc8_props_rx directly or indirectly contains formal properties -> setting "keep" attribute.

3. Executing FORMALFF pass.

4. Executing DFFUNMAP pass (unmap clock enable and synchronous reset from FFs).

5. Printing statistics.

=== macc8_props_rx ===

        +----------Local Count, excluding submodules.
        | 
       41 wires
      114 wire bits
       19 public wires
       92 public wire bits
        7 ports
       17 port bits
       35 cells
        2   $anyinit
        5   $assert
        2   $assume
        3   $eq
        9   $ff
        2   $logic_and
        3   $logic_not
        4   $logic_or
        4   $mux
        1   $not
        1 submodules
        1   macc8_serial_rx

=== macc8_serial_rx ===

        +----------Local Count, excluding submodules.
        | 
       30 wires
      783 wire bits
       14 public wires
      219 public wire bits
       10 ports
       83 port bits
       23 cells
        1   $add
        3   $and
        2   $anyinit
        1   $assume
        1   $ge
        8   $mux
        1   $neg
        3   $not
        1   $or
        2   $shift

=== design hierarchy ===

        +----------Count including submodules.
        | 
       58 macc8_props_rx
       23 macc8_serial_rx

        +----------Count including submodules.
        | 
       71 wires
      897 wire bits
       33 public wires
      311 public wire bits
       17 ports
      100 port bits
        - memories
        - memory bits
        - processes
       58 cells
        1   $add
        3   $and
        4   $anyinit
        5   $assert
        3   $assume
        3   $eq
        9   $ff
        1   $ge
        2   $logic_and
        3   $logic_not
        4   $logic_or
       12   $mux
        1   $neg
        4   $not
        1   $or
        2   $shift
        1 submodules
        1   macc8_serial_rx

6. Executing SMT2 backend.

6.1. Executing BMUXMAP pass.

6.2. Executing DEMUXMAP pass.
Creating SMT-LIBv2 representation of module macc8_serial_rx.
Creating SMT-LIBv2 representation of module macc8_props_rx.

End of script. Logfile hash: 63cb6387b1, time: 0.03s, user: 0.00s, system: 0.01s, MEM: 17.64 MB peak
Yosys 0.67+24 (git sha1 0e82bbefe, Release, Clang /usr/bin/clang++ 18.1.8)
Time spent: 49% 2x write_smt2 (0 sec), 23% 2x read_rtlil (0 sec), ...
